AnayaJuan_CE10/app/build/outputs/logs/manifest-merger-release-report.txt
-- Merging decision tree log ---
manifest
ADDED from src/main/AndroidManifest.xml:2:1-81:12
	package
		ADDED from src/main/AndroidManifest.xml:3:5-50
		INJECTED from src/main/AndroidManifest.xml
		INJECTED from src/main/AndroidManifest.xml
	xmlns:android
		ADDED from src/main/AndroidManifest.xml:2:11-69
uses-permission#android.permission.INTERNET
ADDED from src/main/AndroidManifest.xml:5:5-67
	android:name
		ADDED from src/main/AndroidManifest.xml:5:22-64
application
ADDED from src/main/AndroidManifest.xml:7:5-79:19
MERGED from [com.google.android.gms:play-services-appindexing:8.1.0] AndroidManifest.xml:19:5-20
MERGED from [com.google.android.gms:play-services-basement:8.1.0] AndroidManifest.xml:20:5-24:19
MERGED from [com.android.support:support-v4:22.2.0] AndroidManifest.xml:22:5-20
	android:label
		ADDED from src/main/AndroidManifest.xml:10:9-41
	android:allowBackup
		ADDED from src/main/AndroidManifest.xml:8:9-35
	android:icon
		ADDED from src/main/AndroidManifest.xml:9:9-45
	android:theme
		ADDED from src/main/AndroidManifest.xml:11:9-74
activity#com.fullsail.android.anayajuan_ce10.MainActivity
ADDED from src/main/AndroidManifest.xml:13:9-20:20
	android:label
		ADDED from src/main/AndroidManifest.xml:15:13-62
	android:name
		ADDED from src/main/AndroidManifest.xml:14:13-76
intent-filter#android.intent.action.MAIN+android.intent.category.LAUNCHER
ADDED from src/main/AndroidManifest.xml:16:13-19:29
action#android.intent.action.MAIN
ADDED from src/main/AndroidManifest.xml:17:17-69
	android:name
		ADDED from src/main/AndroidManifest.xml:17:25-66
category#android.intent.category.LAUNCHER
ADDED from src/main/AndroidManifest.xml:18:17-77
	android:name
		ADDED from src/main/AndroidManifest.xml:18:27-74
activity#com.fullsail.android.anayajuan_ce10.VotingHistoryActivity
ADDED from src/main/AndroidManifest.xml:22:9-58
	android:name
		ADDED from src/main/AndroidManifest.xml:22:19-56
activity#com.fullsail.android.anayajuan_ce10.VoteInfoActivity
ADDED from src/main/AndroidManifest.xml:24:9-53
	android:name
		ADDED from src/main/AndroidManifest.xml:24:19-51
activity#com.fullsail.android.anayajuan_ce10.widgets.PoliticianWidgetConfigureActivity
ADDED from src/main/AndroidManifest.xml:26:9-30:20
	android:name
		ADDED from src/main/AndroidManifest.xml:26:19-76
intent-filter#android.appwidget.action.APPWIDGET_CONFIGURE
ADDED from src/main/AndroidManifest.xml:27:13-29:29
action#android.appwidget.action.APPWIDGET_CONFIGURE
ADDED from src/main/AndroidManifest.xml:28:17-87
	android:name
		ADDED from src/main/AndroidManifest.xml:28:25-84
activity#com.fullsail.android.anayajuan_ce10.widgets.VoteHistoryWidgetConfigureActivity
ADDED from src/main/AndroidManifest.xml:32:9-36:20
	android:name
		ADDED from src/main/AndroidManifest.xml:32:19-77
service#com.fullsail.android.anayajuan_ce10.FavoriteSaverService
ADDED from src/main/AndroidManifest.xml:38:9-56
	android:name
		ADDED from src/main/AndroidManifest.xml:38:18-54
service#com.fullsail.android.anayajuan_ce10.widgets.ListWidgetService
ADDED from src/main/AndroidManifest.xml:41:9-42:71
	android:permission
		ADDED from src/main/AndroidManifest.xml:42:13-69
	android:name
		ADDED from src/main/AndroidManifest.xml:41:18-59
receiver#com.fullsail.android.anayajuan_ce10.WidgetUpdater
ADDED from src/main/AndroidManifest.xml:44:9-50:20
	android:enabled
		ADDED from src/main/AndroidManifest.xml:46:13-35
	android:exported
		ADDED from src/main/AndroidManifest.xml:45:13-36
	android:name
		ADDED from src/main/AndroidManifest.xml:44:19-48
intent-filter#com.fullsail.android.politicalwidgets.ACTION_UPDATE_WIDGETS
ADDED from src/main/AndroidManifest.xml:47:13-49:29
action#com.fullsail.android.politicalwidgets.ACTION_UPDATE_WIDGETS
ADDED from src/main/AndroidManifest.xml:48:17-102
	android:name
		ADDED from src/main/AndroidManifest.xml:48:25-99
receiver#com.fullsail.android.anayajuan_ce10.widgets.PoliticianWidget
ADDED from src/main/AndroidManifest.xml:52:9-61:20
	android:enabled
		ADDED from src/main/AndroidManifest.xml:54:13-35
	android:exported
		ADDED from src/main/AndroidManifest.xml:53:13-36
	android:name
		ADDED from src/main/AndroidManifest.xml:52:19-59
intent-filter#android.appwidget.action.APPWIDGET_UPDATE
ADDED from src/main/AndroidManifest.xml:55:13-57:29
action#android.appwidget.action.APPWIDGET_UPDATE
ADDED from src/main/AndroidManifest.xml:56:17-84
	android:name
		ADDED from src/main/AndroidManifest.xml:56:25-81
meta-data#android.appwidget.provider
ADDED from src/main/AndroidManifest.xml:58:13-60:66
	android:resource
		ADDED from src/main/AndroidManifest.xml:60:17-63
	android:name
		ADDED from src/main/AndroidManifest.xml:59:17-58
receiver#com.fullsail.android.anayajuan_ce10.widgets.VoteHistoryWidget
ADDED from src/main/AndroidManifest.xml:63:9-72:20
	android:enabled
		ADDED from src/main/AndroidManifest.xml:65:13-35
	android:exported
		ADDED from src/main/AndroidManifest.xml:64:13-36
	android:name
		ADDED from src/main/AndroidManifest.xml:63:19-60
meta-data#com.google.android.gms.version
ADDED from src/main/AndroidManifest.xml:74:9-76:69
MERGED from [com.google.android.gms:play-services-basement:8.1.0] AndroidManifest.xml:21:9-23:69
	android:value
		ADDED from src/main/AndroidManifest.xml:76:13-66
	android:name
		ADDED from src/main/AndroidManifest.xml:75:13-58
uses-sdk
INJECTED from src/main/AndroidManifest.xml reason: use-sdk injection requested
MERGED from [com.google.android.gms:play-services-appindexing:8.1.0] AndroidManifest.xml:18:5-42
MERGED from [com.google.android.gms:play-services-basement:8.1.0] AndroidManifest.xml:18:5-42
MERGED from [com.android.support:support-v4:22.2.0] AndroidManifest.xml:20:5-43
	android:targetSdkVersion
		INJECTED from src/main/AndroidManifest.xml
		INJECTED from src/main/AndroidManifest.xml
	android:minSdkVersion
		INJECTED from src/main/AndroidManifest.xml
		INJECTED from src/main/AndroidManifest.xml